#
# There is insufficient memory for the Java Runtime Environment to continue.
# Native memory allocation (malloc) failed to allocate 32744 bytes for ChunkPool::allocate
# Possible reasons:
#   The system is out of physical RAM or swap space
#   In 32 bit mode, the process size limit was hit
# Possible solutions:
#   Reduce memory load on the system
#   Increase physical memory or swap space
#   Check if swap backing store is full
#   Use 64 bit Java on a 64 bit OS
#   Decrease Java heap size (-Xmx/-Xms)
#   Decrease number of Java threads
#   Decrease Java thread stack sizes (-Xss)
#   Set larger code cache with -XX:ReservedCodeCacheSize=
# This output file may be truncated or incomplete.
#
#  Out of Memory Error (allocation.cpp:273), pid=36920, tid=0x0000000000007644
#
# JRE version: Java(TM) SE Runtime Environment (8.0_121-b13) (build 1.8.0_121-b13)
# Java VM: Java HotSpot(TM) 64-Bit Server VM (25.121-b13 mixed mode windows-amd64 compressed oops)
# Failed to write core dump. Minidumps are not enabled by default on client versions of Windows
#

---------------  T H R E A D  ---------------

Current thread (0x0000000017515800):  JavaThread "C1 CompilerThread2" daemon [_thread_in_native, id=30276, stack(0x0000000018d60000,0x0000000018e60000)]

Stack: [0x0000000018d60000,0x0000000018e60000]
[error occurred during error reporting (printing stack bounds), id 0xc0000005]

Native frames: (J=compiled Java code, j=interpreted, Vv=VM code, C=native code)


Current CompileTask:
C1:    362  158       3       java.net.URLStreamHandler::parseURL (1193 bytes)


---------------  P R O C E S S  ---------------

Java Threads: ( => current thread )
  0x000000001756d800 JavaThread "Service Thread" daemon [_thread_blocked, id=41068, stack(0x0000000019260000,0x0000000019360000)]
=>0x0000000017515800 JavaThread "C1 CompilerThread2" daemon [_thread_in_native, id=30276, stack(0x0000000018d60000,0x0000000018e60000)]
  0x0000000017510800 JavaThread "C2 CompilerThread1" daemon [_thread_blocked, id=33732, stack(0x0000000018c60000,0x0000000018d60000)]
  0x000000001750e000 JavaThread "C2 CompilerThread0" daemon [_thread_blocked, id=39316, stack(0x0000000018b60000,0x0000000018c60000)]
  0x000000001750c800 JavaThread "Attach Listener" daemon [_thread_blocked, id=44232, stack(0x0000000018a60000,0x0000000018b60000)]
  0x000000001750b000 JavaThread "Signal Dispatcher" daemon [_thread_blocked, id=44280, stack(0x0000000018960000,0x0000000018a60000)]
  0x00000000174fa800 JavaThread "Finalizer" daemon [_thread_blocked, id=45832, stack(0x0000000018770000,0x0000000018870000)]
  0x00000000028e2000 JavaThread "Reference Handler" daemon [_thread_blocked, id=37400, stack(0x0000000018670000,0x0000000018770000)]
  0x0000000000a9e800 JavaThread "main" [_thread_in_Java, id=45584, stack(0x0000000002670000,0x0000000002770000)]

Other Threads:
  0x00000000174d6800 VMThread [stack: 0x0000000018570000,0x0000000018670000] [id=34824]
  0x0000000018eaf800 WatcherThread [stack: 0x0000000019360000,0x0000000019460000] [id=30544]

VM state:not at safepoint (normal execution)

VM Mutex/Monitor currently owned by a thread: None

Heap:
 PSYoungGen      total 38400K, used 3993K [0x00000000d5580000, 0x00000000d8000000, 0x0000000100000000)
  eden space 33280K, 12% used [0x00000000d5580000,0x00000000d5966718,0x00000000d7600000)
  from space 5120K, 0% used [0x00000000d7b00000,0x00000000d7b00000,0x00000000d8000000)
  to   space 5120K, 0% used [0x00000000d7600000,0x00000000d7600000,0x00000000d7b00000)
 ParOldGen       total 87552K, used 0K [0x0000000080000000, 0x0000000085580000, 0x00000000d5580000)
  object space 87552K, 0% used [0x0000000080000000,0x0000000080000000,0x0000000085580000)
 Metaspace       used 3480K, capacity 4760K, committed 4864K, reserved 1056768K
  class space    used 405K, capacity 456K, committed 512K, reserved 1048576K

Card table byte_map: [0x0000000011cb0000,0x00000000120c0000] byte_map_base: 0x00000000118b0000

Marking Bits: (ParMarkBitMap*) 0x000000006ba4b6d0
 Begin Bits: [0x0000000012770000, 0x0000000014770000)
 End Bits:   [0x0000000014770000, 0x0000000016770000)

Polling page: 0x0000000000ad0000

CodeCache: size=245760Kb used=1401Kb max_used=1412Kb free=244358Kb
 bounds [0x00000000028f0000, 0x0000000002b60000, 0x00000000118f0000]
 total_blobs=394 nmethods=159 adapters=149
 compilation: enabled

Compilation events (10 events):
Event: 0.338 Thread 0x0000000017515800 nmethod 152 0x0000000002a3c150 code [0x0000000002a3c2a0, 0x0000000002a3c3b0]
Event: 0.338 Thread 0x0000000017515800  153       1       java.net.URLClassLoader::access$000 (5 bytes)
Event: 0.339 Thread 0x0000000017510800  154       4       java.lang.String::indexOf (166 bytes)
Event: 0.339 Thread 0x0000000017515800 nmethod 153 0x0000000002a4ce10 code [0x0000000002a4cf60, 0x0000000002a4d050]
Event: 0.339 Thread 0x000000001750e000  156       4       java.lang.String::startsWith (72 bytes)
Event: 0.339 Thread 0x0000000017515800  157       3       sun.net.www.protocol.file.Handler::parseURL (18 bytes)
Event: 0.340 Thread 0x0000000017515800 nmethod 157 0x0000000002a4d490 code [0x0000000002a4d600, 0x0000000002a4d878]
Event: 0.340 Thread 0x0000000017515800  158       3       java.net.URLStreamHandler::parseURL (1193 bytes)
Event: 0.342 Thread 0x000000001750e000 nmethod 156 0x0000000002a50750 code [0x0000000002a508a0, 0x0000000002a50a58]
Event: 0.345 Thread 0x000000001750e000  162       4       java.lang.StringBuilder::append (8 bytes)

GC Heap History (0 events):
No events

Deoptimization events (0 events):
No events

Internal exceptions (4 events):
Event: 0.047 Thread 0x0000000000a9e800 Exception <a 'java/lang/NoSuchMethodError': Method sun.misc.Unsafe.defineClass(Ljava/lang/String;[BII)Ljava/lang/Class; name or signature does not match> (0x00000000d5587ca8) thrown at [C:\re\workspace\8-2-build-windows-amd64-cygwin\jdk8u121\8372\hotspot\
Event: 0.047 Thread 0x0000000000a9e800 Exception <a 'java/lang/NoSuchMethodError': Method sun.misc.Unsafe.prefetchRead(Ljava/lang/Object;J)V name or signature does not match> (0x00000000d5587f90) thrown at [C:\re\workspace\8-2-build-windows-amd64-cygwin\jdk8u121\8372\hotspot\src\share\vm\prims
Event: 0.346 Thread 0x0000000000a9e800 Exception <a 'java/security/PrivilegedActionException'> (0x00000000d58e9ef8) thrown at [C:\re\workspace\8-2-build-windows-amd64-cygwin\jdk8u121\8372\hotspot\src\share\vm\prims\jvm.cpp, line 1390]
Event: 0.346 Thread 0x0000000000a9e800 Exception <a 'java/security/PrivilegedActionException'> (0x00000000d58ea108) thrown at [C:\re\workspace\8-2-build-windows-amd64-cygwin\jdk8u121\8372\hotspot\src\share\vm\prims\jvm.cpp, line 1390]

Events (10 events):
Event: 0.344 loading class sun/misc/URLClassPath$1
Event: 0.344 loading class sun/misc/URLClassPath$1 done
Event: 0.344 loading class java/net/URLClassLoader$3
Event: 0.345 loading class java/net/URLClassLoader$3 done
Event: 0.345 loading class sun/misc/CompoundEnumeration
Event: 0.345 loading class sun/misc/CompoundEnumeration done
Event: 0.345 loading class java/io/FileNotFoundException
Event: 0.345 loading class java/io/FileNotFoundException done
Event: 0.345 loading class java/security/PrivilegedActionException
Event: 0.346 loading class java/security/PrivilegedActionException done


Dynamic libraries:
0x00007ff6150a0000 - 0x00007ff6150d7000 	C:\Program Files\Java\jdk1.8.0_121\bin\java.exe
0x00007ffe93680000 - 0x00007ffe93861000 	C:\WINDOWS\SYSTEM32\ntdll.dll
0x00007ffe928e0000 - 0x00007ffe92992000 	C:\WINDOWS\System32\KERNEL32.DLL
0x00007ffe90770000 - 0x00007ffe909e3000 	C:\WINDOWS\System32\KERNELBASE.dll
0x00007ffe92f60000 - 0x00007ffe93001000 	C:\WINDOWS\System32\ADVAPI32.dll
0x00007ffe90b10000 - 0x00007ffe90bae000 	C:\WINDOWS\System32\msvcrt.dll
0x00007ffe911c0000 - 0x00007ffe9121b000 	C:\WINDOWS\System32\sechost.dll
0x00007ffe90c60000 - 0x00007ffe90d84000 	C:\WINDOWS\System32\RPCRT4.dll
0x00007ffe93460000 - 0x00007ffe935f0000 	C:\WINDOWS\System32\USER32.dll
0x00007ffe909f0000 - 0x00007ffe90a10000 	C:\WINDOWS\System32\win32u.dll
0x00007ffe92d90000 - 0x00007ffe92db8000 	C:\WINDOWS\System32\GDI32.dll
0x00007ffe8fbd0000 - 0x00007ffe8fd62000 	C:\WINDOWS\System32\gdi32full.dll
0x00007ffe8fd70000 - 0x00007ffe8fe0f000 	C:\WINDOWS\System32\msvcp_win.dll
0x00007ffe8fa50000 - 0x00007ffe8fb4a000 	C:\WINDOWS\System32\ucrtbase.dll
0x00007ffe8dbd0000 - 0x00007ffe8de39000 	C:\WINDOWS\WinSxS\amd64_microsoft.windows.common-controls_6595b64144ccf1df_6.0.17134.376_none_fb439a3730647da2\COMCTL32.dll
0x00007ffe92a60000 - 0x00007ffe92d83000 	C:\WINDOWS\System32\combase.dll
0x00007ffe8fb50000 - 0x00007ffe8fbca000 	C:\WINDOWS\System32\bcryptPrimitives.dll
0x00007ffe928b0000 - 0x00007ffe928dd000 	C:\WINDOWS\System32\IMM32.DLL
0x00007ffe8f830000 - 0x00007ffe8f88d000 	C:\Program Files\Citrix\System32\MfApHook64.dll
0x00007ffe8ef90000 - 0x00007ffe8efbb000 	C:\Program Files\Citrix\ICAService\CtxDodHook64.dll
0x00007ffe8f750000 - 0x00007ffe8f782000 	C:\Program Files\Citrix\ICAService\picaFullScreenHookX64.dll
0x00007ffe8f190000 - 0x00007ffe8f1de000 	C:\Program Files\Citrix\ICAService\ShellHook64.dll
0x00007ffe91280000 - 0x00007ffe926bf000 	C:\WINDOWS\System32\SHELL32.dll
0x00007ffe90ac0000 - 0x00007ffe90b09000 	C:\WINDOWS\System32\cfgmgr32.dll
0x00007ffe90bb0000 - 0x00007ffe90c59000 	C:\WINDOWS\System32\shcore.dll
0x00007ffe8fe10000 - 0x00007ffe9051d000 	C:\WINDOWS\System32\windows.storage.dll
0x00007ffe91160000 - 0x00007ffe911b1000 	C:\WINDOWS\System32\shlwapi.dll
0x00007ffe8f9c0000 - 0x00007ffe8f9d1000 	C:\WINDOWS\System32\kernel.appcore.dll
0x00007ffe8f9a0000 - 0x00007ffe8f9bf000 	C:\WINDOWS\System32\profapi.dll
0x00007ffe8f9e0000 - 0x00007ffe8fa2c000 	C:\WINDOWS\System32\powrprof.dll
0x00007ffe8f990000 - 0x00007ffe8f99a000 	C:\WINDOWS\System32\FLTLIB.DLL
0x00007ffe8efc0000 - 0x00007ffe8f13e000 	C:\Program Files\Citrix\ICAService\SCardHook64.dll
0x00007ffe8ee30000 - 0x00007ffe8ee5a000 	C:\Program Files\Citrix\ICAService\cxinjime64.dll
0x00007ffe8ec40000 - 0x00007ffe8ec88000 	C:\Program Files\Citrix\ICAService\PicaWtsHook64.dll
0x000000006bc70000 - 0x000000006bd42000 	C:\Program Files\Java\jdk1.8.0_121\jre\bin\msvcr100.dll
0x000000006b230000 - 0x000000006bacb000 	C:\Program Files\Java\jdk1.8.0_121\jre\bin\server\jvm.dll
0x00007ffe92a40000 - 0x00007ffe92a48000 	C:\WINDOWS\System32\PSAPI.DLL
0x00007ffe8c950000 - 0x00007ffe8c973000 	C:\WINDOWS\SYSTEM32\WINMM.dll
0x00007ffe7f110000 - 0x00007ffe7f119000 	C:\WINDOWS\SYSTEM32\WSOCK32.dll
0x00007ffe8f640000 - 0x00007ffe8f64a000 	C:\WINDOWS\SYSTEM32\VERSION.dll
0x00007ffe926c0000 - 0x00007ffe9272c000 	C:\WINDOWS\System32\WS2_32.dll
0x00007ffe8c830000 - 0x00007ffe8c85a000 	C:\WINDOWS\SYSTEM32\WINMMBASE.dll
0x000000006cd40000 - 0x000000006cd4f000 	C:\Program Files\Java\jdk1.8.0_121\jre\bin\verify.dll
0x000000006c9b0000 - 0x000000006c9d9000 	C:\Program Files\Java\jdk1.8.0_121\jre\bin\java.dll
0x000000006c990000 - 0x000000006c9a6000 	C:\Program Files\Java\jdk1.8.0_121\jre\bin\zip.dll

VM Arguments:
java_command: com.capgemini.bankapp.client.BankAccountClient
java_class_path (initial): bin;src;lib/com.mysql.jdbc_5.1.5.jar;lib/commons-logging-1.2-javadoc.jar;lib/commons-logging-1.2.jar;lib/spring-aop-4.3.9.RELEASE-javadoc.jar;lib/spring-aop-4.3.9.RELEASE-sources.jar;lib/spring-aop-4.3.9.RELEASE.jar;lib/spring-aspects-4.3.9.RELEASE-javadoc.jar;lib/spring-aspects-4.3.9.RELEASE-sources.jar;lib/spring-aspects-4.3.9.RELEASE.jar;lib/spring-beans-4.3.9.RELEASE-javadoc.jar;lib/spring-beans-4.3.9.RELEASE-sources.jar;lib/spring-beans-4.3.9.RELEASE.jar;lib/spring-context-4.3.9.RELEASE-javadoc.jar;lib/spring-context-4.3.9.RELEASE-sources.jar;lib/spring-context-4.3.9.RELEASE.jar;lib/spring-context-support-4.3.9.RELEASE-javadoc.jar;lib/spring-context-support-4.3.9.RELEASE-sources.jar;lib/spring-context-support-4.3.9.RELEASE.jar;lib/spring-core-4.3.9.RELEASE-javadoc.jar;lib/spring-core-4.3.9.RELEASE-sources.jar;lib/spring-core-4.3.9.RELEASE.jar;lib/spring-expression-4.3.9.RELEASE-javadoc.jar;lib/spring-expression-4.3.9.RELEASE-sources.jar;lib/spring-expression-4.3.9.RELEASE.jar;lib/spring-instrument-4.3.9.RELEASE-javadoc.jar;lib/spring-instrument-4.3.9.RELEASE-sources.jar;lib/spring-instrument-4.3.9.RELEASE.jar;lib/spring-instrument-tomcat-4.3.9.RELEASE-javadoc.jar;lib/spring-instrument-tomcat-4.3.9.RELEASE-sources.jar;lib/spring-instrument-tomcat-4.3.9.RELEASE.jar;lib/spring-jdbc-4.3.9.RELEASE-javadoc.jar;lib/spring-jdbc-4.3.9.RELEASE-sources.jar;lib/spring-jdbc-4.3.9.RELEASE.jar;lib/spring-jms-4.3.9.RELEASE-javadoc.jar;lib/spring-jms-4.3.9.RELEASE-sources.jar;lib/spring-jms-4.3.9.RELEASE.jar;lib/spring-messaging-4.3.9.RELEASE-javadoc.jar;lib/spring-messaging-4.3.9.RELEASE-sources.jar;lib/spring-messaging-4.3.9.RELEASE.jar;lib/spring-orm-4.3.9.RELEASE-javadoc.jar;lib/spring-orm-4.3.9.RELEASE-sources.jar;lib/spring-orm-4.3.9.RELEASE.jar;lib/spring-oxm-4.3.9.RELEASE-javadoc.jar;lib/spring-oxm-4.3.9.RELEASE-sources.jar;lib/spring-oxm-4.3.9.RELEASE.jar;lib/spring-test-4.3.9.RELEASE-javadoc.jar;lib/spring-test-4.3.9.RELEASE-sources.jar;li
Launcher Type: SUN_STANDARD

Environment Variables:
PATH=C:\Program Files\Java\jdk1.8.0_121\bin
USERNAME=mdevanab
OS=Windows_NT
PROCESSOR_IDENTIFIER=Intel64 Family 15 Model 6 Stepping 1, GenuineIntel



---------------  S Y S T E M  ---------------

OS: Windows 10.0 , 64 bit Build 17134 (10.0.17134.1)

CPU:total 4 (2 cores per cpu, 1 threads per core) family 15 model 6 stepping 1, cmov, cx8, fxsr, mmx, sse, sse2, sse3, ssse3, sse4.1, sse4.2, popcnt, avx, avx2, aes, clmul, erms, rtm, 3dnowpref, lzcnt, tsc, bmi1, bmi2, adx

Memory: 4k page, physical 8388056k(495012k free), swap 18697820k(4120k free)

vm_info: Java HotSpot(TM) 64-Bit Server VM (25.121-b13) for windows-amd64 JRE (1.8.0_121-b13), built on Dec 12 2016 18:21:36 by "java_re" with MS VC++ 10.0 (VS2010)

time: Wed Apr 10 14:36:53 2019
elapsed time: 0 seconds (0d 0h 0m 0s)

